<?xml version="1.0" encoding="UTF-8"?>
<!-- Generated by org.testng.reporters.JUnitReportReporter -->
<testsuite hostname="Asma" failures="0" tests="1" name="gaps.Axcess" time="0.025" errors="0" timestamp="18 Sep 2023 17:39:53 GMT" skipped="0">
  <testcase classname="gaps.Axcess" name="data" time="0.025"/>
</testsuite> <!-- gaps.Axcess -->
