<?xml version="1.0" encoding="UTF-8"?>
<!-- Generated by org.testng.reporters.JUnitReportReporter -->
<testsuite hostname="Asma" failures="0" tests="1" name="gaps.LogIns" time="5.601" errors="0" timestamp="21 Nov 2023 05:34:57 GMT" skipped="0">
  <testcase classname="gaps.LogIns" name="openBrowser" time="5.601"/>
</testsuite> <!-- gaps.LogIns -->
