<?xml version="1.0" encoding="UTF-8"?>
<!-- Generated by org.testng.reporters.JUnitReportReporter -->
<testsuite hostname="Asma" failures="0" tests="1" name="allGapData.Homes" time="0.012" errors="0" timestamp="06 Nov 2023 03:41:40 GMT" skipped="0">
  <testcase classname="allGapData.Homes" name="bb" time="0.012"/>
</testsuite> <!-- allGapData.Homes -->
