<?xml version="1.0" encoding="UTF-8"?>
<!-- Generated by org.testng.reporters.JUnitReportReporter -->
<testsuite hostname="Asma" failures="0" tests="2" name="com.gap.CollectionsCodding" time="0.015" errors="0" timestamp="26 Oct 2023 02:43:05 GMT" skipped="0">
  <testcase classname="com.gap.CollectionsCodding" name="duplo" time="0.014"/>
  <testcase classname="com.gap.CollectionsCodding" name="mapToList" time="0.001"/>
</testsuite> <!-- com.gap.CollectionsCodding -->
