<?xml version="1.0" encoding="UTF-8"?>
<!-- Generated by org.testng.reporters.JUnitReportReporter -->
<testsuite hostname="Asma" failures="0" tests="1" name="com.gap.AjaxCall" time="9.409" errors="0" timestamp="20 Jul 2023 17:37:58 GMT" skipped="0">
  <testcase classname="com.gap.AjaxCall" name="openrowser" time="9.409"/>
</testsuite> <!-- com.gap.AjaxCall -->
