<?xml version="1.0" encoding="UTF-8"?>
<!-- Generated by org.testng.reporters.JUnitReportReporter -->
<testsuite hostname="Asma" failures="0" tests="1" name="com.gap.Sayan" time="0.026" errors="0" timestamp="29 Jun 2023 17:18:50 GMT" skipped="0">
  <testcase classname="com.gap.Sayan" name="oddEvenArray" time="0.026"/>
</testsuite> <!-- com.gap.Sayan -->
