<?xml version="1.0" encoding="UTF-8"?>
<!-- Generated by org.testng.reporters.JUnitReportReporter -->
<testsuite hostname="Asma" failures="0" tests="2" name="com.gap.Pyramid" time="0.005" errors="0" timestamp="20 Sep 2023 14:27:27 GMT" skipped="0">
  <testcase classname="com.gap.Pyramid" name="pyramidPatterns" time="0.001"/>
  <testcase classname="com.gap.Pyramid" name="Pyramids" time="0.004"/>
</testsuite> <!-- com.gap.Pyramid -->
