<?xml version="1.0" encoding="UTF-8"?>
<!-- Generated by org.testng.reporters.JUnitReportReporter -->
<testsuite hostname="Asma" failures="0" tests="1" name="com.gap.Bases" time="15.165" errors="0" timestamp="21 Jun 2023 22:21:53 GMT" skipped="0">
  <testcase classname="com.gap.Bases" name="openBrowser" time="15.165"/>
</testsuite> <!-- com.gap.Bases -->
