<?xml version="1.0" encoding="UTF-8"?>
<!-- Generated by org.testng.reporters.JUnitReportReporter -->
<testsuite hostname="Asma" failures="0" tests="2" name="gaps.AllCoding" time="0.008" errors="0" timestamp="23 Oct 2023 03:48:15 GMT" skipped="0">
  <testcase classname="gaps.AllCoding" name="add" time="0.007"/>
  <testcase classname="gaps.AllCoding" name="sortArray" time="0.001"/>
</testsuite> <!-- gaps.AllCoding -->
