<?xml version="1.0" encoding="UTF-8"?>
<!-- Generated by org.testng.reporters.JUnitReportReporter -->
<testsuite hostname="Asma" failures="0" tests="2" name="com.gap.Supply" time="0.014" errors="0" timestamp="20 Sep 2023 14:27:26 GMT" skipped="0">
  <testcase classname="com.gap.Supply" name="lis" time="0.011"/>
  <testcase classname="com.gap.Supply" name="sorts" time="0.003"/>
</testsuite> <!-- com.gap.Supply -->
