<?xml version="1.0" encoding="UTF-8"?>
<!-- Generated by org.testng.reporters.JUnitReportReporter -->
<testsuite hostname="Asma" failures="0" tests="2" name="com.gap.Override" time="0.021" errors="0" timestamp="19 Jul 2023 23:33:51 GMT" skipped="0">
  <testcase classname="com.gap.Override" name="max" time="0.019"/>
  <testcase classname="com.gap.Override" name="adds" time="0.002"/>
</testsuite> <!-- com.gap.Override -->
