<?xml version="1.0" encoding="UTF-8"?>
<!-- Generated by org.testng.reporters.JUnitReportReporter -->
<testsuite hostname="Asma" failures="0" tests="1" name="com.gap.RahulSathy" time="15.125" errors="0" timestamp="29 Sep 2023 02:47:34 GMT" skipped="0">
  <testcase classname="com.gap.RahulSathy" name="openBrow" time="15.125"/>
</testsuite> <!-- com.gap.RahulSathy -->
