<?xml version="1.0" encoding="UTF-8"?>
<!-- Generated by org.testng.reporters.JUnitReportReporter -->
<testsuite hostname="Asma" failures="0" tests="1" name="com.gap.AllCoding" time="0.020" errors="0" timestamp="19 Jul 2023 16:38:00 GMT" skipped="0">
  <testcase classname="com.gap.AllCoding" name="sortArray" time="0.020"/>
</testsuite> <!-- com.gap.AllCoding -->
