<?xml version="1.0" encoding="UTF-8"?>
<!-- Generated by org.testng.reporters.JUnitReportReporter -->
<testsuite hostname="Asma" failures="0" tests="5" name="com.gap.homes" time="0.006" errors="0" timestamp="20 Sep 2023 14:27:27 GMT" skipped="0">
  <testcase classname="com.gap.homes" name="sd" time="0.001"/>
  <testcase classname="com.gap.homes" name="sArray" time="0.001"/>
  <testcase classname="com.gap.homes" name="sw" time="0.001"/>
  <testcase classname="com.gap.homes" name="swip" time="0.001"/>
  <testcase classname="com.gap.homes" name="ac" time="0.002"/>
</testsuite> <!-- com.gap.homes -->
