<?xml version="1.0" encoding="UTF-8"?>
<!-- Generated by org.testng.reporters.JUnitReportReporter -->
<testsuite hostname="Asma" failures="0" tests="3" name="com.gap.Overrides" time="0.003" errors="0" timestamp="20 Sep 2023 14:27:26 GMT" skipped="0">
  <testcase classname="com.gap.Overrides" name="adds" time="0.001"/>
  <testcase classname="com.gap.Overrides" name="displayInformation" time="0.002"/>
  <testcase classname="com.gap.Overrides" name="eat" time="0.000"/>
</testsuite> <!-- com.gap.Overrides -->
