<?xml version="1.0" encoding="UTF-8"?>
<!-- Generated by org.testng.reporters.JUnitReportReporter -->
<testsuite hostname="Asma" failures="0" tests="1" name="allGapData.Asma" time="0.028" errors="0" timestamp="10 Nov 2023 17:30:00 GMT" skipped="0">
  <testcase classname="allGapData.Asma" name="bb" time="0.028"/>
</testsuite> <!-- allGapData.Asma -->
