<?xml version="1.0" encoding="UTF-8"?>
<!-- Generated by org.testng.reporters.JUnitReportReporter -->
<testsuite hostname="Asma" failures="0" tests="1" name="com.gap.Tone" time="0.012" errors="0" timestamp="09 Oct 2023 21:49:23 GMT" skipped="0">
  <testcase classname="com.gap.Tone" name="ex" time="0.012"/>
</testsuite> <!-- com.gap.Tone -->
