<?xml version="1.0" encoding="UTF-8"?>
<!-- Generated by org.testng.reporters.JUnitReportReporter -->
<testsuite hostname="Asma" failures="0" tests="1" name="com.gap.Hd" time="0.010" errors="0" timestamp="05 Oct 2023 20:50:28 GMT" skipped="0">
  <testcase classname="com.gap.Hd" name="mai" time="0.010"/>
</testsuite> <!-- com.gap.Hd -->
