<?xml version="1.0" encoding="UTF-8"?>
<!-- Generated by org.testng.reporters.JUnitReportReporter -->
<testsuite hostname="Asma" failures="0" tests="1" name="gaps.Trios" time="0.001" errors="0" timestamp="20 Sep 2023 14:27:27 GMT" skipped="0">
  <testcase classname="gaps.Trios" name="dd" time="0.001"/>
</testsuite> <!-- gaps.Trios -->
