<?xml version="1.0" encoding="UTF-8"?>
<!-- Generated by org.testng.reporters.JUnitReportReporter -->
<testsuite hostname="Asma" failures="0" tests="1" name="com.gap.Sham" time="0.005" errors="0" timestamp="20 Sep 2023 14:27:27 GMT" skipped="0">
  <testcase classname="com.gap.Sham" name="oddEvenArray" time="0.005"/>
</testsuite> <!-- com.gap.Sham -->
