<?xml version="1.0" encoding="UTF-8"?>
<!-- Generated by org.testng.reporters.JUnitReportReporter -->
<testsuite hostname="Asma" failures="0" tests="1" name="com.gap.Trios" time="0.014" errors="0" timestamp="30 Jun 2023 04:48:09 GMT" skipped="0">
  <testcase classname="com.gap.Trios" name="revString" time="0.014"/>
</testsuite> <!-- com.gap.Trios -->
