<?xml version="1.0" encoding="UTF-8"?>
<!-- Generated by org.testng.reporters.JUnitReportReporter -->
<testsuite hostname="Asma" failures="0" tests="1" name="com.gap.Asma" time="15.756" errors="0" timestamp="22 Jun 2023 03:36:32 GMT" skipped="0">
  <testcase classname="com.gap.Asma" name="openBrowsers" time="15.756"/>
</testsuite> <!-- com.gap.Asma -->
