<?xml version="1.0" encoding="UTF-8"?>
<!-- Generated by org.testng.reporters.JUnitReportReporter -->
<testsuite hostname="Asma" failures="0" tests="1" name="allGapData.Home" time="0.015" errors="0" timestamp="12 Oct 2023 15:28:22 GMT" skipped="0">
  <testcase classname="allGapData.Home" name="addArray" time="0.015"/>
</testsuite> <!-- allGapData.Home -->
