<?xml version="1.0" encoding="UTF-8"?>
<!-- Generated by org.testng.reporters.JUnitReportReporter -->
<testsuite hostname="Asma" failures="0" tests="1" name="com.gap.Dove" time="0.010" errors="0" timestamp="24 Oct 2023 01:47:24 GMT" skipped="0">
  <testcase classname="com.gap.Dove" name="bb" time="0.010"/>
</testsuite> <!-- com.gap.Dove -->
