<?xml version="1.0" encoding="UTF-8"?>
<!-- Generated by org.testng.reporters.JUnitReportReporter -->
<testsuite hostname="Asma" failures="0" tests="1" name="com.gap.Practice" time="0.018" errors="0" timestamp="02 Nov 2023 21:42:09 GMT" skipped="0">
  <testcase classname="com.gap.Practice" name="Palin" time="0.018"/>
</testsuite> <!-- com.gap.Practice -->
